<?xml version="1.0" encoding="UTF-8"?>
<!-- Generated by org.testng.reporters.JUnitReportReporter -->
<testsuite hostname="asus" failures="0" tests="1" name="VarificationUsingTestNG.AssertNoEquals" time="0.014" errors="0" timestamp="2022-12-30T11:54:44 IST" skipped="0">
  <testcase classname="VarificationUsingTestNG.AssertNoEquals" name="notEquals" time="0.014"/>
  <system-out/>
</testsuite> <!-- VarificationUsingTestNG.AssertNoEquals -->
