<?xml version="1.0" encoding="UTF-8"?>
<!-- Generated by org.testng.reporters.JUnitReportReporter -->
<testsuite hostname="asus" failures="0" tests="1" name="serialParallelExecutions.MyText1" time="5.527" errors="0" timestamp="2022-12-29T13:27:53 IST" skipped="0">
  <testcase classname="serialParallelExecutions.MyText1" name="google" time="5.527"/>
  <system-out/>
</testsuite> <!-- serialParallelExecutions.MyText1 -->
