<?xml version="1.0" encoding="UTF-8"?>
<!-- Generated by org.testng.reporters.JUnitReportReporter -->
<testsuite hostname="asus" failures="0" tests="5" name="testNGxmlStudy.NeoStox2" time="0.017" errors="0" timestamp="2022-12-28T12:01:32 IST" skipped="0">
  <testcase classname="testNGxmlStudy.NeoStox2" name="g" time="0.001"/>
  <system-out>
    <![CDATA[TC g is running]]>
  </system-out>
  <testcase classname="testNGxmlStudy.NeoStox2" name="h" time="0.002"/>
  <system-out>
    <![CDATA[TC h is running]]>
  </system-out>
  <testcase classname="testNGxmlStudy.NeoStox2" name="i" time="0.001"/>
  <system-out>
    <![CDATA[TC e is running]]>
  </system-out>
  <testcase classname="testNGxmlStudy.NeoStox2" name="f" time="0.001"/>
  <system-out>
    <![CDATA[TC f is running]]>
  </system-out>
  <testcase classname="testNGxmlStudy.NeoStox2" name="e" time="0.012"/>
  <system-out>
    <![CDATA[TC eis running]]>
  </system-out>
</testsuite> <!-- testNGxmlStudy.NeoStox2 -->
