<?xml version="1.0" encoding="UTF-8"?>
<!-- Generated by org.testng.reporters.JUnitReportReporter -->
<testsuite hostname="asus" failures="0" tests="3" name="listener.MyTesting2" time="0.017" errors="0" timestamp="2023-01-14T18:11:16 IST" skipped="0">
  <testcase classname="listener.MyTesting2" name="Q" time="0.002"/>
  <system-out>
    <![CDATA[TC Q is running]]>
  </system-out>
  <testcase classname="listener.MyTesting2" name="P" time="0.013"/>
  <system-out>
    <![CDATA[TC P is running]]>
  </system-out>
  <testcase classname="listener.MyTesting2" name="R" time="0.002"/>
  <system-out>
    <![CDATA[TC R is running]]>
  </system-out>
</testsuite> <!-- listener.MyTesting2 -->
