<?xml version="1.0" encoding="UTF-8"?>
<!-- Generated by org.testng.reporters.JUnitReportReporter -->
<testsuite hostname="asus" failures="0" tests="4" name="TestNGKeywords.Enabled" time="0.013" errors="0" timestamp="2022-12-25T14:17:16 IST" skipped="1">
  <testcase classname="TestNGKeywords.Enabled" name="d" time="0.000"/>
  <system-out>
    <![CDATA[TC d is running]]>
  </system-out>
  <testcase classname="TestNGKeywords.Enabled" name="a" time="0.011"/>
  <system-out>
    <![CDATA[TC a is running]]>
  </system-out>
  <testcase classname="TestNGKeywords.Enabled" name="b" time="0.002"/>
  <system-out>
    <![CDATA[TC b is running]]>
  </system-out>
  <testcase classname="TestNGKeywords.Enabled" name="c">
    <skipped/>
  </testcase> <!-- c -->
  <system-out/>
</testsuite> <!-- TestNGKeywords.Enabled -->
