<?xml version="1.0" encoding="UTF-8"?>
<!-- Generated by org.testng.reporters.JUnitReportReporter -->
<testsuite hostname="asus" failures="0" tests="1" name="TestNGAnotations.NeoStoxUserIDValidation" time="0.011" errors="0" timestamp="2022-12-25T13:43:22 IST" skipped="0">
  <testcase classname="TestNGAnotations.NeoStoxUserIDValidation" name="validateUserName" time="0.011"/>
  <system-out>
    <![CDATA[User Name Validated]]>
  </system-out>
</testsuite> <!-- TestNGAnotations.NeoStoxUserIDValidation -->
