<?xml version="1.0" encoding="UTF-8"?>
<!-- Generated by org.testng.reporters.JUnitReportReporter -->
<testsuite hostname="asus" failures="0" tests="1" name="serialParallelExecutions.MyTest2" time="5.728" errors="0" timestamp="2022-12-29T13:35:30 IST" skipped="0">
  <testcase classname="serialParallelExecutions.MyTest2" name="fb" time="5.728"/>
  <system-out/>
</testsuite> <!-- serialParallelExecutions.MyTest2 -->
