<?xml version="1.0" encoding="UTF-8"?>
<!-- Generated by org.testng.reporters.JUnitReportReporter -->
<testsuite hostname="asus" failures="0" tests="5" name="testNGxmlStudy.NeoStox1" time="0.017" errors="0" timestamp="2023-01-14T18:19:00 IST" skipped="0">
  <testcase classname="testNGxmlStudy.NeoStox1" name="c" time="0.002"/>
  <system-out>
    <![CDATA[TC c is running]]>
  </system-out>
  <testcase classname="testNGxmlStudy.NeoStox1" name="d" time="0.001"/>
  <system-out>
    <![CDATA[TC d is running]]>
  </system-out>
  <testcase classname="testNGxmlStudy.NeoStox1" name="e" time="0.001"/>
  <system-out>
    <![CDATA[TC e is running]]>
  </system-out>
  <testcase classname="testNGxmlStudy.NeoStox1" name="b" time="0.001"/>
  <system-out>
    <![CDATA[TC b is running]]>
  </system-out>
  <testcase classname="testNGxmlStudy.NeoStox1" name="a" time="0.012"/>
  <system-out>
    <![CDATA[TC a is running]]>
  </system-out>
</testsuite> <!-- testNGxmlStudy.NeoStox1 -->
