<?xml version="1.0" encoding="UTF-8"?>
<!-- Generated by org.testng.reporters.JUnitReportReporter -->
<testsuite hostname="asus" failures="0" tests="2" name="TestNGAnotations.BeforeClassUse" time="0.012" errors="0" timestamp="2022-12-25T13:29:33 IST" skipped="0">
  <testcase classname="TestNGAnotations.BeforeClassUse" name="TC1" time="0.008"/>
  <system-out>
    <![CDATA[TC1 is running]]>
  </system-out>
  <testcase classname="TestNGAnotations.BeforeClassUse" name="TC2" time="0.004"/>
  <system-out>
    <![CDATA[TC2 is running ]]>
  </system-out>
</testsuite> <!-- TestNGAnotations.BeforeClassUse -->
