<?xml version="1.0" encoding="UTF-8"?>
<!-- Generated by org.testng.reporters.JUnitReportReporter -->
<testsuite hostname="asus" failures="0" tests="1" name="TestNGStudy.Simple2" time="0.014" errors="0" timestamp="2022-12-24T12:19:07 IST" skipped="0">
  <testcase classname="TestNGStudy.Simple2" name="Display1" time="0.014"/>
  <system-out>
    <![CDATA[hi good morning]]>
  </system-out>
</testsuite> <!-- TestNGStudy.Simple2 -->
