<?xml version="1.0" encoding="UTF-8"?>
<!-- Generated by org.testng.reporters.JUnitReportReporter -->
<testsuite hostname="asus" failures="0" tests="2" name="TestNGStudy.NeoStoxSample2" time="12.916" errors="0" timestamp="2022-12-25T13:08:08 IST" skipped="0">
  <testcase classname="TestNGStudy.NeoStoxSample2" name="upstoxLaunch" time="5.714"/>
  <system-out>
    <![CDATA[Hi this is Reporter
Hi this is reporter-->console]]>
  </system-out>
  <testcase classname="TestNGStudy.NeoStoxSample2" name="neoStoxLaunch" time="7.202"/>
  <system-out>
    <![CDATA[Hi this is Reporter
Hi this is reporter-->console]]>
  </system-out>
</testsuite> <!-- TestNGStudy.NeoStoxSample2 -->
