<?xml version="1.0" encoding="UTF-8"?>
<!-- Generated by org.testng.reporters.JUnitReportReporter -->
<testsuite hostname="asus" failures="0" tests="3" name="listener.MyTesting" time="0.017" errors="0" timestamp="2023-01-14T18:10:31 IST" skipped="0">
  <testcase classname="listener.MyTesting" name="B" time="0.002"/>
  <system-out>
    <![CDATA[TC B is Running]]>
  </system-out>
  <testcase classname="listener.MyTesting" name="A" time="0.013"/>
  <system-out>
    <![CDATA[TC A is Running]]>
  </system-out>
  <testcase classname="listener.MyTesting" name="C" time="0.002"/>
  <system-out>
    <![CDATA[TC C is Running]]>
  </system-out>
</testsuite> <!-- listener.MyTesting -->
