<?xml version="1.0" encoding="UTF-8"?>
<!-- Generated by org.testng.reporters.JUnitReportReporter -->
<testsuite hostname="asus" failures="0" tests="1" name="TestNGKeywords.TimeOut" time="1.020" errors="0" timestamp="2022-12-27T11:04:28 IST" skipped="0">
  <testcase classname="TestNGKeywords.TimeOut" name="testing" time="1.020"/>
  <system-out>
    <![CDATA[TC testing is running]]>
  </system-out>
</testsuite> <!-- TestNGKeywords.TimeOut -->
