<?xml version="1.0" encoding="UTF-8"?>
<!-- Generated by org.testng.reporters.JUnitReportReporter -->
<testsuite hostname="asus" failures="0" tests="1" name="gackoTestNG.GackoTesting" time="9.650" errors="0" timestamp="2022-12-31T11:58:19 IST" skipped="0">
  <testcase classname="gackoTestNG.GackoTesting" name="firefoxTest" time="9.650"/>
  <system-out/>
</testsuite> <!-- gackoTestNG.GackoTesting -->
