<?xml version="1.0" encoding="UTF-8"?>
<!-- Generated by org.testng.reporters.JUnitReportReporter -->
<testsuite hostname="asus" failures="0" tests="4" name="TestNGKeywords.Priority" time="0.016" errors="0" timestamp="2022-12-25T14:11:33 IST" skipped="0">
  <testcase classname="TestNGKeywords.Priority" name="b" time="0.013"/>
  <system-out>
    <![CDATA[T b is running]]>
  </system-out>
  <testcase classname="TestNGKeywords.Priority" name="a" time="0.001"/>
  <system-out>
    <![CDATA[T a is running]]>
  </system-out>
  <testcase classname="TestNGKeywords.Priority" name="d" time="0.001"/>
  <system-out>
    <![CDATA[T d is running]]>
  </system-out>
  <testcase classname="TestNGKeywords.Priority" name="c" time="0.001"/>
  <system-out>
    <![CDATA[T c is running]]>
  </system-out>
</testsuite> <!-- TestNGKeywords.Priority -->
