<?xml version="1.0" encoding="UTF-8"?>
<!-- Generated by org.testng.reporters.JUnitReportReporter -->
<testsuite hostname="asus" failures="0" tests="1" name="TestNGStudy.Example1TestNG" time="3.782" errors="0" timestamp="2022-12-24T12:05:34 IST" skipped="0">
  <testcase classname="TestNGStudy.Example1TestNG" name="KiteLogin" time="3.782"/>
  <system-out/>
</testsuite> <!-- TestNGStudy.Example1TestNG -->
