<?xml version="1.0" encoding="UTF-8"?>
<!-- Generated by org.testng.reporters.JUnitReportReporter -->
<testsuite hostname="asus" failures="0" tests="3" name="TestNGKeywords.DependsOnMethod" time="0.015" errors="0" timestamp="2022-12-27T11:09:45 IST" skipped="0">
  <testcase classname="TestNGKeywords.DependsOnMethod" name="b" time="0.012"/>
  <system-out>
    <![CDATA[T b is running]]>
  </system-out>
  <testcase classname="TestNGKeywords.DependsOnMethod" name="c" time="0.002"/>
  <system-out>
    <![CDATA[T c is running]]>
  </system-out>
  <testcase classname="TestNGKeywords.DependsOnMethod" name="a" time="0.001"/>
  <system-out>
    <![CDATA[T a is running]]>
  </system-out>
</testsuite> <!-- TestNGKeywords.DependsOnMethod -->
