<?xml version="1.0" encoding="UTF-8"?>
<!-- Generated by org.testng.reporters.JUnitReportReporter -->
<testsuite hostname="asus" failures="0" tests="5" name="TestNGKeywords.InvocationCount" time="0.022" errors="0" timestamp="2022-12-25T14:05:47 IST" skipped="0">
  <testcase classname="TestNGKeywords.InvocationCount" name="myTest" time="0.003"/>
  <system-out>
    <![CDATA[My Test is Running]]>
  </system-out>
  <testcase classname="TestNGKeywords.InvocationCount" name="myTest" time="0.008"/>
  <system-out>
    <![CDATA[My Test is Running]]>
  </system-out>
  <testcase classname="TestNGKeywords.InvocationCount" name="myTest" time="0.002"/>
  <system-out>
    <![CDATA[My Test is Running]]>
  </system-out>
  <testcase classname="TestNGKeywords.InvocationCount" name="myTest" time="0.008"/>
  <system-out>
    <![CDATA[My Test is Running]]>
  </system-out>
  <testcase classname="TestNGKeywords.InvocationCount" name="myTest" time="0.001"/>
  <system-out>
    <![CDATA[My Test is Running]]>
  </system-out>
</testsuite> <!-- TestNGKeywords.InvocationCount -->
